### import autocode ###
from objects.ShipSprite import ShipSprite
from objects.YellowPug import YellowPug
from pig.PigScene import PigScene
from pug.all_components import Follow_Mouse, Face_Object, Face_Mouse
### End import autocode ###

### MouseFaceFollow_Test autocode ###
class MouseFaceFollow_Test(PigScene):
    _key_down_dict = {(0, 27): [[<bound method MouseFaceFollow_Test.escape of <scenes.__Working__.MouseFaceFollow_Test object at 0x03C78A10>>, (), {}]]}
    layers = ['Background']
    def on_enter(self):
        # Archetypes
        YellowPug_archetype = YellowPug(gname='YellowPug')
        YellowPug_archetype.archetype = True

        # Sprites
        shipsprite_instance = ShipSprite()
        shipsprite_instance.components.add( Follow_Mouse() )
        shipsprite_instance.components.add( Face_Object(
                target='mouse pointer',
                offset=-90) )

        mouse_pointer = YellowPug(gname='mouse pointer')
        mouse_pointer.position.x = 436.0
        mouse_pointer.position.y = 247.0
        mouse_pointer.components.add( Face_Mouse() )
### End MouseFaceFollow_Test autocode ###

